ERROR - 2022-08-31 12:15:20 --> mysqli_sql_exception: Column 'Autor' cannot be null in C:\wamp64\www\LivrariaIgniter4\system\Database\MySQLi\Connection.php:292
Stack trace:
#0 C:\wamp64\www\LivrariaIgniter4\system\Database\MySQLi\Connection.php(292): mysqli->query('INSERT INTO `es...', 0)
#1 C:\wamp64\www\LivrariaIgniter4\system\Database\BaseConnection.php(693): CodeIgniter\Database\MySQLi\Connection->execute('INSERT INTO `es...')
#2 C:\wamp64\www\LivrariaIgniter4\system\Database\BaseConnection.php(620): CodeIgniter\Database\BaseConnection->simpleQuery('INSERT INTO `es...')
#3 C:\wamp64\www\LivrariaIgniter4\system\Database\BaseBuilder.php(1916): CodeIgniter\Database\BaseConnection->query('INSERT INTO `es...', Array, false)
#4 C:\wamp64\www\LivrariaIgniter4\system\Model.php(278): CodeIgniter\Database\BaseBuilder->insert()
#5 C:\wamp64\www\LivrariaIgniter4\system\BaseModel.php(738): CodeIgniter\Model->doInsert(Array)
#6 C:\wamp64\www\LivrariaIgniter4\system\Model.php(666): CodeIgniter\BaseModel->insert(Array, false)
#7 C:\wamp64\www\LivrariaIgniter4\system\BaseModel.php(658): CodeIgniter\Model->insert(Array, false)
#8 C:\wamp64\www\LivrariaIgniter4\app\Controllers\Estoque.php(38): CodeIgniter\BaseModel->save(Array)
#9 C:\wamp64\www\LivrariaIgniter4\system\CodeIgniter.php(898): App\Controllers\Estoque->gravarProduto('$1')
#10 C:\wamp64\www\LivrariaIgniter4\system\CodeIgniter.php(457): CodeIgniter\CodeIgniter->runController(Object(App\Controllers\Estoque))
#11 C:\wamp64\www\LivrariaIgniter4\system\CodeIgniter.php(340): CodeIgniter\CodeIgniter->handleRequest(NULL, Object(Config\Cache), false)
#12 C:\wamp64\www\LivrariaIgniter4\public\index.php(67): CodeIgniter\CodeIgniter->run()
#13 C:\wamp64\www\LivrariaIgniter4\system\Commands\Server\rewrite.php(43): require_once('C:\\wamp64\\www\\L...')
#14 {main}
CRITICAL - 2022-08-31 12:31:45 --> There is no data to update.
in SYSTEMPATH\BaseModel.php on line 1577.
 1 SYSTEMPATH\BaseModel.php(1577): CodeIgniter\Database\Exceptions\DataException::forEmptyDataset('update')
 2 SYSTEMPATH\BaseModel.php(832): CodeIgniter\BaseModel->transformDataToArray(null, 'update')
 3 SYSTEMPATH\Model.php(692): CodeIgniter\BaseModel->update([...], null)
 4 APPPATH\Controllers\Estoque.php(48): CodeIgniter\Model->update('9', null)
 5 SYSTEMPATH\CodeIgniter.php(898): App\Controllers\Estoque->atualizar('9')
 6 SYSTEMPATH\CodeIgniter.php(457): CodeIgniter\CodeIgniter->runController(Object(App\Controllers\Estoque))
 7 SYSTEMPATH\CodeIgniter.php(340): CodeIgniter\CodeIgniter->handleRequest(null, Object(Config\Cache), false)
 8 FCPATH\index.php(67): CodeIgniter\CodeIgniter->run()
 9 SYSTEMPATH\Commands\Server\rewrite.php(43): require_once('FCPATH\\index.php')
CRITICAL - 2022-08-31 12:32:15 --> There is no data to update.
in SYSTEMPATH\BaseModel.php on line 1577.
 1 SYSTEMPATH\BaseModel.php(1577): CodeIgniter\Database\Exceptions\DataException::forEmptyDataset('update')
 2 SYSTEMPATH\BaseModel.php(832): CodeIgniter\BaseModel->transformDataToArray(null, 'update')
 3 SYSTEMPATH\Model.php(692): CodeIgniter\BaseModel->update([...], null)
 4 APPPATH\Controllers\Estoque.php(48): CodeIgniter\Model->update('9', null)
 5 SYSTEMPATH\CodeIgniter.php(898): App\Controllers\Estoque->atualizar('9')
 6 SYSTEMPATH\CodeIgniter.php(457): CodeIgniter\CodeIgniter->runController(Object(App\Controllers\Estoque))
 7 SYSTEMPATH\CodeIgniter.php(340): CodeIgniter\CodeIgniter->handleRequest(null, Object(Config\Cache), false)
 8 FCPATH\index.php(67): CodeIgniter\CodeIgniter->run()
 9 SYSTEMPATH\Commands\Server\rewrite.php(43): require_once('FCPATH\\index.php')
CRITICAL - 2022-08-31 12:32:19 --> There is no data to update.
in SYSTEMPATH\BaseModel.php on line 1577.
 1 SYSTEMPATH\BaseModel.php(1577): CodeIgniter\Database\Exceptions\DataException::forEmptyDataset('update')
 2 SYSTEMPATH\BaseModel.php(832): CodeIgniter\BaseModel->transformDataToArray(null, 'update')
 3 SYSTEMPATH\Model.php(692): CodeIgniter\BaseModel->update([...], null)
 4 APPPATH\Controllers\Estoque.php(48): CodeIgniter\Model->update('9', null)
 5 SYSTEMPATH\CodeIgniter.php(898): App\Controllers\Estoque->atualizar('9')
 6 SYSTEMPATH\CodeIgniter.php(457): CodeIgniter\CodeIgniter->runController(Object(App\Controllers\Estoque))
 7 SYSTEMPATH\CodeIgniter.php(340): CodeIgniter\CodeIgniter->handleRequest(null, Object(Config\Cache), false)
 8 FCPATH\index.php(67): CodeIgniter\CodeIgniter->run()
 9 SYSTEMPATH\Commands\Server\rewrite.php(43): require_once('FCPATH\\index.php')
