CRITICAL - 2022-08-17 12:08:42 --> Call to a member function findAll() on null
in APPPATH\Controllers\Estoque.php on line 28.
 1 SYSTEMPATH\CodeIgniter.php(898): App\Controllers\Estoque->primeiros()
 2 SYSTEMPATH\CodeIgniter.php(457): CodeIgniter\CodeIgniter->runController(Object(App\Controllers\Estoque))
 3 SYSTEMPATH\CodeIgniter.php(340): CodeIgniter\CodeIgniter->handleRequest(null, Object(Config\Cache), false)
 4 FCPATH\index.php(67): CodeIgniter\CodeIgniter->run()
 5 SYSTEMPATH\Commands\Server\rewrite.php(43): require_once('FCPATH\\index.php')
CRITICAL - 2022-08-17 12:08:57 --> Call to a member function findAll() on null
in APPPATH\Controllers\Estoque.php on line 28.
 1 SYSTEMPATH\CodeIgniter.php(898): App\Controllers\Estoque->primeiros()
 2 SYSTEMPATH\CodeIgniter.php(457): CodeIgniter\CodeIgniter->runController(Object(App\Controllers\Estoque))
 3 SYSTEMPATH\CodeIgniter.php(340): CodeIgniter\CodeIgniter->handleRequest(null, Object(Config\Cache), false)
 4 FCPATH\index.php(67): CodeIgniter\CodeIgniter->run()
 5 SYSTEMPATH\Commands\Server\rewrite.php(43): require_once('FCPATH\\index.php')
CRITICAL - 2022-08-17 12:09:26 --> Call to a member function findAll() on null
in APPPATH\Controllers\Estoque.php on line 28.
 1 SYSTEMPATH\CodeIgniter.php(898): App\Controllers\Estoque->primeiros()
 2 SYSTEMPATH\CodeIgniter.php(457): CodeIgniter\CodeIgniter->runController(Object(App\Controllers\Estoque))
 3 SYSTEMPATH\CodeIgniter.php(340): CodeIgniter\CodeIgniter->handleRequest(null, Object(Config\Cache), false)
 4 FCPATH\index.php(67): CodeIgniter\CodeIgniter->run()
 5 SYSTEMPATH\Commands\Server\rewrite.php(43): require_once('FCPATH\\index.php')
CRITICAL - 2022-08-17 12:09:27 --> Call to a member function findAll() on null
in APPPATH\Controllers\Estoque.php on line 28.
 1 SYSTEMPATH\CodeIgniter.php(898): App\Controllers\Estoque->primeiros()
 2 SYSTEMPATH\CodeIgniter.php(457): CodeIgniter\CodeIgniter->runController(Object(App\Controllers\Estoque))
 3 SYSTEMPATH\CodeIgniter.php(340): CodeIgniter\CodeIgniter->handleRequest(null, Object(Config\Cache), false)
 4 FCPATH\index.php(67): CodeIgniter\CodeIgniter->run()
 5 SYSTEMPATH\Commands\Server\rewrite.php(43): require_once('FCPATH\\index.php')
CRITICAL - 2022-08-17 12:09:45 --> Call to a member function findAll() on null
in APPPATH\Controllers\Estoque.php on line 28.
 1 SYSTEMPATH\CodeIgniter.php(898): App\Controllers\Estoque->primeiros()
 2 SYSTEMPATH\CodeIgniter.php(457): CodeIgniter\CodeIgniter->runController(Object(App\Controllers\Estoque))
 3 SYSTEMPATH\CodeIgniter.php(340): CodeIgniter\CodeIgniter->handleRequest(null, Object(Config\Cache), false)
 4 FCPATH\index.php(67): CodeIgniter\CodeIgniter->run()
 5 SYSTEMPATH\Commands\Server\rewrite.php(43): require_once('FCPATH\\index.php')
CRITICAL - 2022-08-17 12:09:45 --> Call to a member function findAll() on null
in APPPATH\Controllers\Estoque.php on line 28.
 1 SYSTEMPATH\CodeIgniter.php(898): App\Controllers\Estoque->primeiros()
 2 SYSTEMPATH\CodeIgniter.php(457): CodeIgniter\CodeIgniter->runController(Object(App\Controllers\Estoque))
 3 SYSTEMPATH\CodeIgniter.php(340): CodeIgniter\CodeIgniter->handleRequest(null, Object(Config\Cache), false)
 4 FCPATH\index.php(67): CodeIgniter\CodeIgniter->run()
 5 SYSTEMPATH\Commands\Server\rewrite.php(43): require_once('FCPATH\\index.php')
CRITICAL - 2022-08-17 12:10:07 --> Argument 1 passed to CodeIgniter\BaseModel::findAll() must be of the type int, array given, called in C:\wamp64\www\LivrariaIgniter4\app\Controllers\Estoque.php on line 28
in SYSTEMPATH\BaseModel.php on line 567.
 1 APPPATH\Controllers\Estoque.php(28): CodeIgniter\BaseModel->findAll([...])
 2 SYSTEMPATH\CodeIgniter.php(898): App\Controllers\Estoque->primeiros()
 3 SYSTEMPATH\CodeIgniter.php(457): CodeIgniter\CodeIgniter->runController(Object(App\Controllers\Estoque))
 4 SYSTEMPATH\CodeIgniter.php(340): CodeIgniter\CodeIgniter->handleRequest(null, Object(Config\Cache), false)
 5 FCPATH\index.php(67): CodeIgniter\CodeIgniter->run()
 6 SYSTEMPATH\Commands\Server\rewrite.php(43): require_once('FCPATH\\index.php')
CRITICAL - 2022-08-17 12:10:08 --> Argument 1 passed to CodeIgniter\BaseModel::findAll() must be of the type int, array given, called in C:\wamp64\www\LivrariaIgniter4\app\Controllers\Estoque.php on line 28
in SYSTEMPATH\BaseModel.php on line 567.
 1 APPPATH\Controllers\Estoque.php(28): CodeIgniter\BaseModel->findAll([...])
 2 SYSTEMPATH\CodeIgniter.php(898): App\Controllers\Estoque->primeiros()
 3 SYSTEMPATH\CodeIgniter.php(457): CodeIgniter\CodeIgniter->runController(Object(App\Controllers\Estoque))
 4 SYSTEMPATH\CodeIgniter.php(340): CodeIgniter\CodeIgniter->handleRequest(null, Object(Config\Cache), false)
 5 FCPATH\index.php(67): CodeIgniter\CodeIgniter->run()
 6 SYSTEMPATH\Commands\Server\rewrite.php(43): require_once('FCPATH\\index.php')
